/__w/CMSIS-Executorch/CMSIS-Executorch/scripts/generate_ai_layer_report.py:283: DeprecationWarning: datetime.datetime.utcnow() is deprecated and scheduled for removal in a future version. Use timezone-aware objects to represent datetimes in UTC: datetime.datetime.now(datetime.UTC).
  timestamp = datetime.utcnow().isoformat(timespec='seconds') + 'Z'
Generating comprehensive AI layer build report...
✅ Comprehensive report written to /__w/CMSIS-Executorch/CMSIS-Executorch/ai_layer/REPORT.md
📊 Found 9 libraries and 1 model assets
2025-12-01 13:49:58 [SUCCESS] Completed: Generate report
2025-12-01 13:49:58 [INFO] Build summary:
# ExecuTorch AI Layer Build Report

**Generated:** 2025-12-01T13:49:58Z
**Git Commit:** 3e3e663f6e44 on main
**Repository Status:** 🔄 Modified
**Last Commit:** 2025-12-01 14:40:54 +0100

## 📊 Build Summary

- **Libraries:** 9 static libraries
- **Models:** 1 model assets
- **Operators:** 9 selected operators
- **Build Type:** Release

## 📚 Library Assets

**Total Size:** 9.9 MiB

| Library | Size | Percentage | Modified | Hash |
|---------|------|------------|----------|------|
| libcortex_m_kernels.a | 20.0 KiB | 0.2% | 2025-12-01 13:49:55 | `753673f88dc30c36` |
| libcortex_m_ops_lib.a | 12.7 KiB | 0.1% | 2025-12-01 13:49:55 | `14d0e38e3f7f32f0` |
| libexecutorch.a | 51.9 KiB | 0.5% | 2025-12-01 13:49:55 | `37fc455bd0f1eb94` |
| libexecutorch_core.a | 216.5 KiB | 2.1% | 2025-12-01 13:49:55 | `d74f7bc734778cf3` |
| libexecutorch_delegate_ethos_u.a | 18.6 KiB | 0.2% | 2025-12-01 13:49:55 | `a6cb7bc338f36f39` |
| libportable_kernels.a | 9.1 MiB | 92.3% | 2025-12-01 13:49:55 | `ed04027470e93132` |
| libportable_ops_lib.a | 199.2 KiB | 2.0% | 2025-12-01 13:49:55 | `51b094077eb525f9` |
| libquantized_kernels.a | 238.6 KiB | 2.4% | 2025-12-01 13:49:55 | `d9c7fdd13a618e0e` |
| libquantized_ops_lib.a | 28.7 KiB | 0.3% | 2025-12-01 13:49:55 | `5aa2d44dc34b656b` |

## 🤖 Model Assets

| Asset | Type | Size | Modified | Hash |
|-------|------|------|----------|------|
| ethos_u_minimal_example.pte | Model | 3.7 KiB | 2025-12-01 13:49:58 | `64b1c8be310fada7` |

## ⚙️ Build Configuration

### CMake Configuration
- **Build Type:** `Release`
- **Toolchain File:** `/__w/CMSIS-Executorch/CMSIS-Executorch/model/arm-none-eabi-gcc.cmake`
- **ARM Baremetal:** `ON`
- **Cortex-M Support:** `ON`
- **Portable Ops:** `ON`
- **Quantized Kernels:** `ON`

### Selected Operators

**Count:** 9 operators

2025-12-01 13:49:58 [SUCCESS] Build completed successfully!
📋 Build logs saved to: ai_layer/logs/
